# JRE version: OpenJDK Runtime Environment (8.0_202-b03) (build 1.8.0_202-release-1483-b03)
# Java VM: OpenJDK 64-Bit Server VM (25.202-b03 mixed mode windows-amd64 compressed oops)
Heap:
 PSYoungGen      total 211456K, used 195543K [0x00000000e0000000, 0x00000000f0d00000, 0x0000000100000000)
  eden space 190464K, 92% used [0x00000000e0000000,0x00000000eabc22f0,0x00000000eba00000)
  from space 20992K, 93% used [0x00000000eba00000,0x00000000ecd33ca0,0x00000000ece80000)
  to   space 23552K, 0% used [0x00000000ef600000,0x00000000ef600000,0x00000000f0d00000)
 ParOldGen       total 137728K, used 44835K [0x00000000a0000000, 0x00000000a8680000, 0x00000000e0000000)
  object space 137728K, 32% used [0x00000000a0000000,0x00000000a2bc8e58,0x00000000a8680000)
 Metaspace       used 73405K, capacity 76322K, committed 76692K, reserved 1116160K
  class space    used 9704K, capacity 10312K, committed 10428K, reserved 1048576K
GC Heap History (10 events):
Event: 16.579 GC heap before
{Heap before GC invocations=14 (full 2):
 PSYoungGen      total 143872K, used 83065K [0x00000000e0000000, 0x00000000ec480000, 0x0000000100000000)
  eden space 129536K, 53% used [0x00000000e0000000,0x00000000e4320da8,0x00000000e7e80000)
  from space 14336K, 99% used [0x00000000e7e80000,0x00000000e8c7d680,0x00000000e8c80000)
  to   space 18432K, 0% used [0x00000000eb280000,0x00000000eb280000,0x00000000ec480000)
 ParOldGen       total 91648K, used 26026K [0x00000000a0000000, 0x00000000a5980000, 0x00000000e0000000)
  object space 91648K, 28% used [0x00000000a0000000,0x00000000a196a9c8,0x00000000a5980000)
 Metaspace       used 57376K, capacity 58962K, committed 59028K, reserved 1099776K
  class space    used 7678K, capacity 8107K, committed 8124K, reserved 1048576K
Event: 16.603 GC heap after
Heap after GC invocations=14 (full 2):
 PSYoungGen      total 183296K, used 7213K [0x00000000e0000000, 0x00000000ec600000, 0x0000000100000000)
  eden space 164864K, 0% used [0x00000000e0000000,0x00000000e0000000,0x00000000ea100000)
  from space 18432K, 39% used [0x00000000eb280000,0x00000000eb98b548,0x00000000ec480000)
  to   space 17920K, 0% used [0x00000000ea100000,0x00000000ea100000,0x00000000eb280000)
 ParOldGen       total 91648K, used 33336K [0x00000000a0000000, 0x00000000a5980000, 0x00000000e0000000)
  object space 91648K, 36% used [0x00000000a0000000,0x00000000a208e218,0x00000000a5980000)
 Metaspace       used 57376K, capacity 58962K, committed 59028K, reserved 1099776K
  class space    used 7678K, capacity 8107K, committed 8124K, reserved 1048576K
}
Event: 16.603 GC heap before
{Heap before GC invocations=15 (full 3):
 PSYoungGen      total 183296K, used 7213K [0x00000000e0000000, 0x00000000ec600000, 0x0000000100000000)
  eden space 164864K, 0% used [0x00000000e0000000,0x00000000e0000000,0x00000000ea100000)
  from space 18432K, 39% used [0x00000000eb280000,0x00000000eb98b548,0x00000000ec480000)
  to   space 17920K, 0% used [0x00000000ea100000,0x00000000ea100000,0x00000000eb280000)
 ParOldGen       total 91648K, used 33336K [0x00000000a0000000, 0x00000000a5980000, 0x00000000e0000000)
  object space 91648K, 36% used [0x00000000a0000000,0x00000000a208e218,0x00000000a5980000)
 Metaspace       used 57376K, capacity 58962K, committed 59028K, reserved 1099776K
  class space    used 7678K, capacity 8107K, committed 8124K, reserved 1048576K
Event: 16.898 GC heap after
Heap after GC invocations=15 (full 3):
 PSYoungGen      total 183296K, used 0K [0x00000000e0000000, 0x00000000ec600000, 0x0000000100000000)
  eden space 164864K, 0% used [0x00000000e0000000,0x00000000e0000000,0x00000000ea100000)
  from space 18432K, 0% used [0x00000000eb280000,0x00000000eb280000,0x00000000ec480000)
  to   space 17920K, 0% used [0x00000000ea100000,0x00000000ea100000,0x00000000eb280000)
 ParOldGen       total 137728K, used 36299K [0x00000000a0000000, 0x00000000a8680000, 0x00000000e0000000)
  object space 137728K, 26% used [0x00000000a0000000,0x00000000a2372d70,0x00000000a8680000)
 Metaspace       used 57376K, capacity 58962K, committed 59028K, reserved 1099776K
  class space    used 7678K, capacity 8107K, committed 8124K, reserved 1048576K
}
Event: 423.303 GC heap before
{Heap before GC invocations=16 (full 3):
 PSYoungGen      total 183296K, used 164864K [0x00000000e0000000, 0x00000000ec600000, 0x0000000100000000)
  eden space 164864K, 100% used [0x00000000e0000000,0x00000000ea100000,0x00000000ea100000)
  from space 18432K, 0% used [0x00000000eb280000,0x00000000eb280000,0x00000000ec480000)
  to   space 17920K, 0% used [0x00000000ea100000,0x00000000ea100000,0x00000000eb280000)
 ParOldGen       total 137728K, used 36299K [0x00000000a0000000, 0x00000000a8680000, 0x00000000e0000000)
  object space 137728K, 26% used [0x00000000a0000000,0x00000000a2372d70,0x00000000a8680000)
 Metaspace       used 64249K, capacity 66590K, committed 66836K, reserved 1107968K
  class space    used 8481K, capacity 8967K, committed 9020K, reserved 1048576K
Event: 423.322 GC heap after
Heap after GC invocations=16 (full 3):
 PSYoungGen      total 182784K, used 12540K [0x00000000e0000000, 0x00000000ee000000, 0x0000000100000000)
  eden space 164864K, 0% used [0x00000000e0000000,0x00000000e0000000,0x00000000ea100000)
  from space 17920K, 69% used [0x00000000ea100000,0x00000000ead3f0f8,0x00000000eb280000)
  to   space 17920K, 0% used [0x00000000ece80000,0x00000000ece80000,0x00000000ee000000)
 ParOldGen       total 137728K, used 36307K [0x00000000a0000000, 0x00000000a8680000, 0x00000000e0000000)
  object space 137728K, 26% used [0x00000000a0000000,0x00000000a2374d70,0x00000000a8680000)
 Metaspace       used 64249K, capacity 66590K, committed 66836K, reserved 1107968K
  class space    used 8481K, capacity 8967K, committed 9020K, reserved 1048576K
}
Event: 425.797 GC heap before
{Heap before GC invocations=17 (full 3):
 PSYoungGen      total 182784K, used 177404K [0x00000000e0000000, 0x00000000ee000000, 0x0000000100000000)
  eden space 164864K, 100% used [0x00000000e0000000,0x00000000ea100000,0x00000000ea100000)
  from space 17920K, 69% used [0x00000000ea100000,0x00000000ead3f0f8,0x00000000eb280000)
  to   space 17920K, 0% used [0x00000000ece80000,0x00000000ece80000,0x00000000ee000000)
 ParOldGen       total 137728K, used 36307K [0x00000000a0000000, 0x00000000a8680000, 0x00000000e0000000)
  object space 137728K, 26% used [0x00000000a0000000,0x00000000a2374d70,0x00000000a8680000)
 Metaspace       used 66090K, capacity 68566K, committed 68884K, reserved 1110016K
  class space    used 8664K, capacity 9201K, committed 9276K, reserved 1048576K
Event: 425.840 GC heap after
Heap after GC invocations=17 (full 3):
 PSYoungGen      total 208384K, used 17889K [0x00000000e0000000, 0x00000000ee880000, 0x0000000100000000)
  eden space 190464K, 0% used [0x00000000e0000000,0x00000000e0000000,0x00000000eba00000)
  from space 17920K, 99% used [0x00000000ece80000,0x00000000edff84f8,0x00000000ee000000)
  to   space 20992K, 0% used [0x00000000eba00000,0x00000000eba00000,0x00000000ece80000)
 ParOldGen       total 137728K, used 37758K [0x00000000a0000000, 0x00000000a8680000, 0x00000000e0000000)
  object space 137728K, 27% used [0x00000000a0000000,0x00000000a24df968,0x00000000a8680000)
 Metaspace       used 66090K, capacity 68566K, committed 68884K, reserved 1110016K
  class space    used 8664K, capacity 9201K, committed 9276K, reserved 1048576K
}
Event: 431.665 GC heap before
{Heap before GC invocations=18 (full 3):
 PSYoungGen      total 208384K, used 208353K [0x00000000e0000000, 0x00000000ee880000, 0x0000000100000000)
  eden space 190464K, 100% used [0x00000000e0000000,0x00000000eba00000,0x00000000eba00000)
  from space 17920K, 99% used [0x00000000ece80000,0x00000000edff84f8,0x00000000ee000000)
  to   space 20992K, 0% used [0x00000000eba00000,0x00000000eba00000,0x00000000ece80000)
 ParOldGen       total 137728K, used 37758K [0x00000000a0000000, 0x00000000a8680000, 0x00000000e0000000)
  object space 137728K, 27% used [0x00000000a0000000,0x00000000a24df968,0x00000000a8680000)
 Metaspace       used 68350K, capacity 70934K, committed 71188K, reserved 1112064K
  class space    used 8949K, capacity 9523K, committed 9532K, reserved 1048576K
Event: 431.758 GC heap after
Heap after GC invocations=18 (full 3):
 PSYoungGen      total 211456K, used 19663K [0x00000000e0000000, 0x00000000f0d00000, 0x0000000100000000)
  eden space 190464K, 0% used [0x00000000e0000000,0x00000000e0000000,0x00000000eba00000)
  from space 20992K, 93% used [0x00000000eba00000,0x00000000ecd33ca0,0x00000000ece80000)
  to   space 23552K, 0% used [0x00000000ef600000,0x00000000ef600000,0x00000000f0d00000)
 ParOldGen       total 137728K, used 44835K [0x00000000a0000000, 0x00000000a8680000, 0x00000000e0000000)
  object space 137728K, 32% used [0x00000000a0000000,0x00000000a2bc8e58,0x00000000a8680000)
 Metaspace       used 68350K, capacity 70934K, committed 71188K, reserved 1112064K
  class space    used 8949K, capacity 9523K, committed 9532K, reserved 1048576K
}

