# JRE version: OpenJDK Runtime Environment (8.0_202-b03) (build 1.8.0_202-release-1483-b03)
# Java VM: OpenJDK 64-Bit Server VM (25.202-b03 mixed mode windows-amd64 compressed oops)
Heap:
 PSYoungGen      total 474112K, used 339628K [0x00000000e0000000, 0x00000000ffb80000, 0x0000000100000000)
  eden space 435712K, 72% used [0x00000000e0000000,0x00000000f33ffa88,0x00000000fa980000)
  from space 38400K, 63% used [0x00000000fd600000,0x00000000fedab700,0x00000000ffb80000)
  to   space 41984K, 0% used [0x00000000fa980000,0x00000000fa980000,0x00000000fd280000)
 ParOldGen       total 315904K, used 226290K [0x00000000a0000000, 0x00000000b3480000, 0x00000000e0000000)
  object space 315904K, 71% used [0x00000000a0000000,0x00000000adcfc970,0x00000000b3480000)
 Metaspace       used 112727K, capacity 117440K, committed 118016K, reserved 1153024K
  class space    used 14299K, capacity 15244K, committed 15360K, reserved 1048576K
GC Heap History (10 events):
Event: 3405.985 GC heap before
{Heap before GC invocations=64 (full 6):
 PSYoungGen      total 490496K, used 486589K [0x00000000e0000000, 0x0000000100000000, 0x0000000100000000)
  eden space 460288K, 100% used [0x00000000e0000000,0x00000000fc180000,0x00000000fc180000)
  from space 30208K, 87% used [0x00000000fc180000,0x00000000fdb2f720,0x00000000fdf00000)
  to   space 32768K, 0% used [0x00000000fe000000,0x00000000fe000000,0x0000000100000000)
 ParOldGen       total 315904K, used 200983K [0x00000000a0000000, 0x00000000b3480000, 0x00000000e0000000)
  object space 315904K, 63% used [0x00000000a0000000,0x00000000ac445d68,0x00000000b3480000)
 Metaspace       used 109231K, capacity 113360K, committed 115200K, reserved 1148928K
  class space    used 13830K, capacity 14682K, committed 15104K, reserved 1048576K
Event: 3406.028 GC heap after
Heap after GC invocations=64 (full 6):
 PSYoungGen      total 482304K, used 32747K [0x00000000e0000000, 0x0000000100000000, 0x0000000100000000)
  eden space 449536K, 0% used [0x00000000e0000000,0x00000000e0000000,0x00000000fb700000)
  from space 32768K, 99% used [0x00000000fe000000,0x00000000ffffad58,0x0000000100000000)
  to   space 37376K, 0% used [0x00000000fb700000,0x00000000fb700000,0x00000000fdb80000)
 ParOldGen       total 315904K, used 201911K [0x00000000a0000000, 0x00000000b3480000, 0x00000000e0000000)
  object space 315904K, 63% used [0x00000000a0000000,0x00000000ac52dd68,0x00000000b3480000)
 Metaspace       used 109231K, capacity 113360K, committed 115200K, reserved 1148928K
  class space    used 13830K, capacity 14682K, committed 15104K, reserved 1048576K
}
Event: 3407.184 GC heap before
{Heap before GC invocations=65 (full 6):
 PSYoungGen      total 482304K, used 482283K [0x00000000e0000000, 0x0000000100000000, 0x0000000100000000)
  eden space 449536K, 100% used [0x00000000e0000000,0x00000000fb700000,0x00000000fb700000)
  from space 32768K, 99% used [0x00000000fe000000,0x00000000ffffad58,0x0000000100000000)
  to   space 37376K, 0% used [0x00000000fb700000,0x00000000fb700000,0x00000000fdb80000)
 ParOldGen       total 315904K, used 201911K [0x00000000a0000000, 0x00000000b3480000, 0x00000000e0000000)
  object space 315904K, 63% used [0x00000000a0000000,0x00000000ac52dd68,0x00000000b3480000)
 Metaspace       used 109286K, capacity 113384K, committed 115200K, reserved 1148928K
  class space    used 13833K, capacity 14686K, committed 15104K, reserved 1048576K
Event: 3407.253 GC heap after
Heap after GC invocations=65 (full 6):
 PSYoungGen      total 479744K, used 30140K [0x00000000e0000000, 0x0000000100000000, 0x0000000100000000)
  eden space 449536K, 0% used [0x00000000e0000000,0x00000000e0000000,0x00000000fb700000)
  from space 30208K, 99% used [0x00000000fb700000,0x00000000fd46f010,0x00000000fd480000)
  to   space 39936K, 0% used [0x00000000fd900000,0x00000000fd900000,0x0000000100000000)
 ParOldGen       total 315904K, used 213514K [0x00000000a0000000, 0x00000000b3480000, 0x00000000e0000000)
  object space 315904K, 67% used [0x00000000a0000000,0x00000000ad082ac0,0x00000000b3480000)
 Metaspace       used 109286K, capacity 113384K, committed 115200K, reserved 1148928K
  class space    used 13833K, capacity 14686K, committed 15104K, reserved 1048576K
}
Event: 3408.247 GC heap before
{Heap before GC invocations=66 (full 6):
 PSYoungGen      total 479744K, used 479676K [0x00000000e0000000, 0x0000000100000000, 0x0000000100000000)
  eden space 449536K, 100% used [0x00000000e0000000,0x00000000fb700000,0x00000000fb700000)
  from space 30208K, 99% used [0x00000000fb700000,0x00000000fd46f010,0x00000000fd480000)
  to   space 39936K, 0% used [0x00000000fd900000,0x00000000fd900000,0x0000000100000000)
 ParOldGen       total 315904K, used 213514K [0x00000000a0000000, 0x00000000b3480000, 0x00000000e0000000)
  object space 315904K, 67% used [0x00000000a0000000,0x00000000ad082ac0,0x00000000b3480000)
 Metaspace       used 109726K, capacity 113980K, committed 115456K, reserved 1148928K
  class space    used 13891K, capacity 14778K, committed 15104K, reserved 1048576K
Event: 3408.305 GC heap after
Heap after GC invocations=66 (full 6):
 PSYoungGen      total 473088K, used 39924K [0x00000000e0000000, 0x0000000100000000, 0x0000000100000000)
  eden space 433152K, 0% used [0x00000000e0000000,0x00000000e0000000,0x00000000fa700000)
  from space 39936K, 99% used [0x00000000fd900000,0x00000000ffffd2b8,0x0000000100000000)
  to   space 45568K, 0% used [0x00000000fa700000,0x00000000fa700000,0x00000000fd380000)
 ParOldGen       total 315904K, used 213859K [0x00000000a0000000, 0x00000000b3480000, 0x00000000e0000000)
  object space 315904K, 67% used [0x00000000a0000000,0x00000000ad0d8c38,0x00000000b3480000)
 Metaspace       used 109726K, capacity 113980K, committed 115456K, reserved 1148928K
  class space    used 13891K, capacity 14778K, committed 15104K, reserved 1048576K
}
Event: 3409.661 GC heap before
{Heap before GC invocations=67 (full 6):
 PSYoungGen      total 473088K, used 473076K [0x00000000e0000000, 0x0000000100000000, 0x0000000100000000)
  eden space 433152K, 100% used [0x00000000e0000000,0x00000000fa700000,0x00000000fa700000)
  from space 39936K, 99% used [0x00000000fd900000,0x00000000ffffd2b8,0x0000000100000000)
  to   space 45568K, 0% used [0x00000000fa700000,0x00000000fa700000,0x00000000fd380000)
 ParOldGen       total 315904K, used 213859K [0x00000000a0000000, 0x00000000b3480000, 0x00000000e0000000)
  object space 315904K, 67% used [0x00000000a0000000,0x00000000ad0d8c38,0x00000000b3480000)
 Metaspace       used 109745K, capacity 113980K, committed 115456K, reserved 1148928K
  class space    used 13893K, capacity 14778K, committed 15104K, reserved 1048576K
Event: 3409.712 GC heap after
Heap after GC invocations=67 (full 6):
 PSYoungGen      total 478720K, used 20964K [0x00000000e0000000, 0x0000000100000000, 0x0000000100000000)
  eden space 433152K, 0% used [0x00000000e0000000,0x00000000e0000000,0x00000000fa700000)
  from space 45568K, 46% used [0x00000000fa700000,0x00000000fbb79198,0x00000000fd380000)
  to   space 43008K, 0% used [0x00000000fd600000,0x00000000fd600000,0x0000000100000000)
 ParOldGen       total 315904K, used 226282K [0x00000000a0000000, 0x00000000b3480000, 0x00000000e0000000)
  object space 315904K, 71% used [0x00000000a0000000,0x00000000adcfa970,0x00000000b3480000)
 Metaspace       used 109745K, capacity 113980K, committed 115456K, reserved 1148928K
  class space    used 13893K, capacity 14778K, committed 15104K, reserved 1048576K
}
Event: 3487.877 GC heap before
{Heap before GC invocations=68 (full 6):
 PSYoungGen      total 478720K, used 454116K [0x00000000e0000000, 0x0000000100000000, 0x0000000100000000)
  eden space 433152K, 100% used [0x00000000e0000000,0x00000000fa700000,0x00000000fa700000)
  from space 45568K, 46% used [0x00000000fa700000,0x00000000fbb79198,0x00000000fd380000)
  to   space 43008K, 0% used [0x00000000fd600000,0x00000000fd600000,0x0000000100000000)
 ParOldGen       total 315904K, used 226282K [0x00000000a0000000, 0x00000000b3480000, 0x00000000e0000000)
  object space 315904K, 71% used [0x00000000a0000000,0x00000000adcfa970,0x00000000b3480000)
 Metaspace       used 112503K, capacity 117180K, committed 117760K, reserved 1150976K
  class space    used 14287K, capacity 15222K, committed 15360K, reserved 1048576K
Event: 3487.958 GC heap after
Heap after GC invocations=68 (full 6):
 PSYoungGen      total 474112K, used 24237K [0x00000000e0000000, 0x00000000ffb80000, 0x0000000100000000)
  eden space 435712K, 0% used [0x00000000e0000000,0x00000000e0000000,0x00000000fa980000)
  from space 38400K, 63% used [0x00000000fd600000,0x00000000fedab700,0x00000000ffb80000)
  to   space 41984K, 0% used [0x00000000fa980000,0x00000000fa980000,0x00000000fd280000)
 ParOldGen       total 315904K, used 226290K [0x00000000a0000000, 0x00000000b3480000, 0x00000000e0000000)
  object space 315904K, 71% used [0x00000000a0000000,0x00000000adcfc970,0x00000000b3480000)
 Metaspace       used 112503K, capacity 117180K, committed 117760K, reserved 1150976K
  class space    used 14287K, capacity 15222K, committed 15360K, reserved 1048576K
}

